This is pdfTeX, Version 3.141592653-2.6-1.40.23 (TeX Live 2021/W32TeX) (preloaded format=pdflatex 2021.10.26)  3 FEB 2022 13:18
entering extended mode
 restricted \write18 enabled.
 %&-line parsing enabled.
**LMHC.tex
(./LMHC.tex
LaTeX2e <2021-06-01> patch level 1
L3 programming layer <2021-10-18>
(c:/texlive/2021/texmf-dist/tex/latex/base/article.cls
Document Class: article 2021/02/12 v1.4n Standard LaTeX document class
(c:/texlive/2021/texmf-dist/tex/latex/base/size12.clo
File: size12.clo 2021/02/12 v1.4n Standard LaTeX file (size option)
)
\c@part=\count182
\c@section=\count183
\c@subsection=\count184
\c@subsubsection=\count185
\c@paragraph=\count186
\c@subparagraph=\count187
\c@figure=\count188
\c@table=\count189
\abovecaptionskip=\skip47
\belowcaptionskip=\skip48
\bibindent=\dimen138
)
(c:/texlive/2021/texmf-dist/tex/latex/amsfonts/amssymb.sty
Package: amssymb 2013/01/14 v3.01 AMS font symbols

(c:/texlive/2021/texmf-dist/tex/latex/amsfonts/amsfonts.sty
Package: amsfonts 2013/01/14 v3.01 Basic AMSFonts support
\@emptytoks=\toks16
\symAMSa=\mathgroup4
\symAMSb=\mathgroup5
LaTeX Font Info:    Redeclaring math symbol \hbar on input line 98.
LaTeX Font Info:    Overwriting math alphabet `\mathfrak' in version `bold'
(Font)                  U/euf/m/n --> U/euf/b/n on input line 106.
))
(c:/texlive/2021/texmf-dist/tex/latex/amsmath/amsmath.sty
Package: amsmath 2021/04/20 v2.17j AMS math features
\@mathmargin=\skip49

For additional information on amsmath, use the `?' option.
(c:/texlive/2021/texmf-dist/tex/latex/amsmath/amstext.sty
Package: amstext 2000/06/29 v2.01 AMS text

(c:/texlive/2021/texmf-dist/tex/latex/amsmath/amsgen.sty
File: amsgen.sty 1999/11/30 v2.0 generic functions
\@emptytoks=\toks17
\ex@=\dimen139
))
(c:/texlive/2021/texmf-dist/tex/latex/amsmath/amsbsy.sty
Package: amsbsy 1999/11/29 v1.2d Bold Symbols
\pmbraise@=\dimen140
)
(c:/texlive/2021/texmf-dist/tex/latex/amsmath/amsopn.sty
Package: amsopn 2016/03/08 v2.02 operator names
)
\inf@bad=\count190
LaTeX Info: Redefining \frac on input line 234.
\uproot@=\count191
\leftroot@=\count192
LaTeX Info: Redefining \overline on input line 399.
\classnum@=\count193
\DOTSCASE@=\count194
LaTeX Info: Redefining \ldots on input line 496.
LaTeX Info: Redefining \dots on input line 499.
LaTeX Info: Redefining \cdots on input line 620.
\Mathstrutbox@=\box50
\strutbox@=\box51
\big@size=\dimen141
LaTeX Font Info:    Redeclaring font encoding OML on input line 743.
LaTeX Font Info:    Redeclaring font encoding OMS on input line 744.
\macc@depth=\count195
\c@MaxMatrixCols=\count196
\dotsspace@=\muskip16
\c@parentequation=\count197
\dspbrk@lvl=\count198
\tag@help=\toks18
\row@=\count199
\column@=\count266
\maxfields@=\count267
\andhelp@=\toks19
\eqnshift@=\dimen142
\alignsep@=\dimen143
\tagshift@=\dimen144
\tagwidth@=\dimen145
\totwidth@=\dimen146
\lineht@=\dimen147
\@envbody=\toks20
\multlinegap=\skip50
\multlinetaggap=\skip51
\mathdisplay@stack=\toks21
LaTeX Info: Redefining \[ on input line 2923.
LaTeX Info: Redefining \] on input line 2924.
)
(c:/texlive/2021/texmf-dist/tex/latex/tools/array.sty
Package: array 2021/04/20 v2.5e Tabular extension package (FMi)
\col@sep=\dimen148
\ar@mcellbox=\box52
\extrarowheight=\dimen149
\NC@list=\toks22
\extratabsurround=\skip52
\backup@length=\skip53
\ar@cellbox=\box53
)
(c:/texlive/2021/texmf-dist/tex/latex/graphics/graphics.sty
Package: graphics 2021/03/04 v1.4d Standard LaTeX Graphics (DPC,SPQR)

(c:/texlive/2021/texmf-dist/tex/latex/graphics/trig.sty
Package: trig 2016/01/03 v1.10 sin cos tan (DPC)
)
(c:/texlive/2021/texmf-dist/tex/latex/graphics-cfg/graphics.cfg
File: graphics.cfg 2016/06/04 v1.11 sample graphics configuration
)
Package graphics Info: Driver file: dvips.def on input line 107.

(c:/texlive/2021/texmf-dist/tex/latex/graphics-def/dvips.def
File: dvips.def 2017/06/20 v3.1d Graphics/color driver for dvips
))
(c:/texlive/2021/texmf-dist/tex/latex/graphics/color.sty
Package: color 2020/02/24 v1.2b Standard LaTeX Color (DPC)

(c:/texlive/2021/texmf-dist/tex/latex/graphics-cfg/color.cfg
File: color.cfg 2016/01/02 v1.6 sample color configuration
)
Package color Info: Driver file: dvips.def on input line 149.

(c:/texlive/2021/texmf-dist/tex/latex/graphics/dvipsnam.def
File: dvipsnam.def 2016/06/17 v3.0m Driver-dependent file (DPC,SPQR)
))
(c:/texlive/2021/texmf-dist/tex/latex/graphics/graphicx.sty
Package: graphicx 2020/12/05 v1.2c Enhanced LaTeX Graphics (DPC,SPQR)

(c:/texlive/2021/texmf-dist/tex/latex/graphics/keyval.sty
Package: keyval 2014/10/28 v1.15 key=value parser (DPC)
\KV@toks@=\toks23
)
\Gin@req@height=\dimen150
\Gin@req@width=\dimen151
)
(c:/texlive/2021/texmf-dist/tex/latex/graphics/lscape.sty
Package: lscape 2020/05/28 v3.02 Landscape Pages (DPC)
)
(c:/texlive/2021/texmf-dist/tex/latex/pdflscape/pdflscape.sty
Package: pdflscape 2019/12/05 v0.12 Display of landscape pages in PDF (HO)

(c:/texlive/2021/texmf-dist/tex/generic/iftex/iftex.sty
Package: iftex 2020/03/06 v1.0d TeX engine tests
)
Package pdflscape Info: Auto-detected driver: pdftex on input line 81.
)
(c:/texlive/2021/texmf-dist/tex/latex/threeparttable/threeparttable.sty
Package: threeparttable 2003/06/13  v 3.0
\@tempboxb=\box54
)
(c:/texlive/2021/texmf-dist/tex/latex/base/latexsym.sty
Package: latexsym 1998/08/17 v2.2e Standard LaTeX package (lasy symbols)
\symlasy=\mathgroup6
LaTeX Font Info:    Overwriting symbol font `lasy' in version `bold'
(Font)                  U/lasy/m/n --> U/lasy/b/n on input line 52.
)
(c:/texlive/2021/texmf-dist/tex/latex/l3backend/l3backend-pdftex.def
File: l3backend-pdftex.def 2021-10-18 L3 backend support: PDF output (pdfTeX)
\l__color_backend_stack_int=\count268
\l__pdf_internal_box=\box55
)
(./LMHC.aux

LaTeX Warning: Label `inf' multiply defined.


LaTeX Warning: Label `inf' multiply defined.


LaTeX Warning: Label `Variable' multiply defined.


LaTeX Warning: Label `sum' multiply defined.


LaTeX Warning: Label `sum' multiply defined.


LaTeX Warning: Label `sum' multiply defined.

)
\openout1 = `LMHC.aux'.

LaTeX Font Info:    Checking defaults for OML/cmm/m/it on input line 19.
LaTeX Font Info:    ... okay on input line 19.
LaTeX Font Info:    Checking defaults for OMS/cmsy/m/n on input line 19.
LaTeX Font Info:    ... okay on input line 19.
LaTeX Font Info:    Checking defaults for OT1/cmr/m/n on input line 19.
LaTeX Font Info:    ... okay on input line 19.
LaTeX Font Info:    Checking defaults for T1/cmr/m/n on input line 19.
LaTeX Font Info:    ... okay on input line 19.
LaTeX Font Info:    Checking defaults for TS1/cmr/m/n on input line 19.
LaTeX Font Info:    ... okay on input line 19.
LaTeX Font Info:    Checking defaults for OMX/cmex/m/n on input line 19.
LaTeX Font Info:    ... okay on input line 19.
LaTeX Font Info:    Checking defaults for U/cmr/m/n on input line 19.
LaTeX Font Info:    ... okay on input line 19.
\c@proposition=\count269
\c@assumption=\count270
LaTeX Font Info:    Trying to load font information for U+msa on input line 34.

 (c:/texlive/2021/texmf-dist/tex/latex/amsfonts/umsa.fd
File: umsa.fd 2013/01/14 v3.01 AMS symbols A
)
LaTeX Font Info:    Trying to load font information for U+msb on input line 34.


(c:/texlive/2021/texmf-dist/tex/latex/amsfonts/umsb.fd
File: umsb.fd 2013/01/14 v3.01 AMS symbols B
)
LaTeX Font Info:    Trying to load font information for U+lasy on input line 34
.

(c:/texlive/2021/texmf-dist/tex/latex/base/ulasy.fd
File: ulasy.fd 1998/08/17 v2.2e LaTeX symbol font definitions
)
Overfull \vbox (28.45274pt too high) has occurred while \output is active []


[1
Non-PDF special ignored!
<special> papersize=614.295pt,794.96999pt
color push  Black
color pop

color push  Black
color pop
{c:/texlive/2021/texmf-var/fonts/map/pdftex/updmap/pdftex.map}
color push  Black
color pop
color push  Black
color pop
color push  Black
color pop
color push  Black
color pop
] (./intro.tex)
(./Data.tex
Overfull \vbox (28.45274pt too high) has occurred while \output is active []


[1
color push  Black
color pop

color push  Black
color pop
]
Overfull \vbox (28.45274pt too high) has occurred while \output is active []


[2
color push  Black
color pop
color push  Black
color pop
color push  Black
color pop
color push  Black
color pop
color push  Black
color pop
color push  Black
color pop
color push  Black
color pop
]
Overfull \vbox (28.45274pt too high) has occurred while \output is active []


[3
color push  Black
color pop
color push  Black
color pop
color push  Black
color pop
]
Overfull \vbox (28.45274pt too high) has occurred while \output is active []


[4
color push  Black
color pop
color push  Black
color pop
]) (./trends.tex
Overfull \vbox (28.45274pt too high) has occurred while \output is active []


[5
color push  Black
color pop
color push  Black
color pop
]
Overfull \vbox (28.45274pt too high) has occurred while \output is active []


[6
color push  Black
color pop
color push  Black
color pop
color push  Black
color pop
]
Overfull \vbox (28.45274pt too high) has occurred while \output is active []


[7
color push  Black
color pop
color push  Black
color pop
color push  Black
color pop
]
Overfull \vbox (28.45274pt too high) has occurred while \output is active []


[8
color push  Black
color pop
color push  Black
color pop
color push  Black
color pop
]
Overfull \vbox (28.45274pt too high) has occurred while \output is active []


[9
color push  Black
color pop
color push  Black
color pop
color push  Black
color pop
]) (./response.tex
Overfull \vbox (28.45274pt too high) has occurred while \output is active []


[10
color push  Black
color pop
color push  Black
color pop
]
Overfull \vbox (28.45274pt too high) has occurred while \output is active []


[11
color push  Black
color pop
color push  Black
color pop
color push  Black
color pop
]
Overfull \vbox (28.45274pt too high) has occurred while \output is active []


[12
color push  Black
color pop
color push  Black
color pop
]
Overfull \vbox (28.45274pt too high) has occurred while \output is active []


[13
color push  Black
color pop
color push  Black
color pop
]
Overfull \vbox (28.45274pt too high) has occurred while \output is active []


[14
color push  Black
color pop
color push  Black
color pop
]) (./conclusion.tex) (./tables.tex
Overfull \vbox (28.45274pt too high) has occurred while \output is active []


[15
color push  Black
color pop
color push  Black
color pop
color push  Black
color pop
]
File: figure1.eps Graphic file (type eps)
 <figure1.eps>
Overfull \vbox (28.45274pt too high) has occurred while \output is active []


[16
color push  Black
color pop

color push  Black
color push  Black
color pop
color push  Black
color pop

Non-PDF special ignored!
<special> PSfile="figure1.eps" llx=0 lly=0 urx=792 ury=612 rwi=3600 rhi=288...
color pop
color push  Black
color pop
]
File: figure2.eps Graphic file (type eps)
 <figure2.eps>
Overfull \vbox (28.45274pt too high) has occurred while \output is active []


[17
color push  Black
color pop
color push  Black
color push  Black
color pop
color push  Black
color pop

Non-PDF special ignored!
<special> PSfile="figure2.eps" llx=0 lly=0 urx=792 ury=612 rwi=3600 rhi=288...
color pop
color push  Black
color pop
]
File: figure1.eps Graphic file (type eps)
 <figure1.eps>
Overfull \vbox (28.45274pt too high) has occurred while \output is active []


[18
color push  Black
color pop
color push  Black
color push  Black
color pop
color push  Black
color pop

Non-PDF special ignored!
<special> PSfile="figure1.eps" llx=0 lly=0 urx=792 ury=612 rwi=3600 rhi=288...
color pop
color push  Black
color pop
]
Overfull \vbox (28.45274pt too high) has occurred while \output is active []


[19
color push  Black
color pop
color push  Black
color pop
color push  Black
color pop
color push  Black
color pop
color push  Black
color pop
]
Overfull \vbox (28.45274pt too high) has occurred while \output is active []


[20
color push  Black
color pop
color push  Black
color pop
color push  Black
color pop
color push  Black
color pop
color push  Black
color pop
]
Overfull \vbox (28.45274pt too high) has occurred while \output is active []


[21
color push  Black
color pop

color push  Black
color pop
color push  Black
color pop
color push  Black
color pop
color push  Black
color pop
]
Overfull \vbox (28.45274pt too high) has occurred while \output is active []


[22
color push  Black
color pop
color push  Black
color pop
color push  Black
color pop
color push  Black
color pop
color push  Black
color pop
]
Overfull \vbox (28.45274pt too high) has occurred while \output is active []


[23
color push  Black
color pop

color push  Black
color pop
color push  Black
color pop
color push  Black
color pop
color push  Black
color pop
]
Overfull \vbox (28.45274pt too high) has occurred while \output is active []


[24
color push  Black
color pop

color push  Black
color pop
color push  Black
color pop
color push  Black
color pop
]
Overfull \hbox (30.6476pt too wide) in paragraph at lines 311--352
 [] 
 []


Overfull \vbox (28.45274pt too high) has occurred while \output is active []


[25
color push  Black
color pop

Non-PDF special ignored!
<special> ps: gsave currentpoint currentpoint translate 90 neg rotate neg e...


color push  Black
color pop
color push  Black
color pop
Non-PDF special ignored!
<special> ps: currentpoint grestore moveto
color push  Black
color pop
])
Overfull \vbox (28.45274pt too high) has occurred while \output is active []


[26
color push  Black
color pop

color push  Black
color pop
color push  Black
color pop
color push  Black
color pop
color push  Black
color pop
] (./LMHC.aux)

LaTeX Warning: There were multiply-defined labels.

 ) 
Here is how much of TeX's memory you used:
 2439 strings out of 478579
 32548 string characters out of 5857457
 354419 words of memory out of 5000000
 20292 multiletter control sequences out of 15000+600000
 416556 words of font info for 82 fonts, out of 8000000 for 9000
 1141 hyphenation exceptions out of 8191
 56i,11n,66p,2036b,321s stack positions out of 5000i,500n,10000p,200000b,80000s
{c:/texlive/2021/texmf-dist/fonts/enc/dvips/cm-super/cm-super-ts1.enc}<c:/tex
live/2021/texmf-dist/fonts/type1/public/amsfonts/cm/cmbx10.pfb><c:/texlive/2021
/texmf-dist/fonts/type1/public/amsfonts/cm/cmbx12.pfb><c:/texlive/2021/texmf-di
st/fonts/type1/public/amsfonts/cm/cmmi10.pfb><c:/texlive/2021/texmf-dist/fonts/
type1/public/amsfonts/cm/cmmi12.pfb><c:/texlive/2021/texmf-dist/fonts/type1/pub
lic/amsfonts/cm/cmmi7.pfb><c:/texlive/2021/texmf-dist/fonts/type1/public/amsfon
ts/cm/cmmi8.pfb><c:/texlive/2021/texmf-dist/fonts/type1/public/amsfonts/cm/cmr1
0.pfb><c:/texlive/2021/texmf-dist/fonts/type1/public/amsfonts/cm/cmr12.pfb><c:/
texlive/2021/texmf-dist/fonts/type1/public/amsfonts/cm/cmr17.pfb><c:/texlive/20
21/texmf-dist/fonts/type1/public/amsfonts/cm/cmr7.pfb><c:/texlive/2021/texmf-di
st/fonts/type1/public/amsfonts/cm/cmr8.pfb><c:/texlive/2021/texmf-dist/fonts/ty
pe1/public/amsfonts/cm/cmsy10.pfb><c:/texlive/2021/texmf-dist/fonts/type1/publi
c/cm-super/sfrm0700.pfb><c:/texlive/2021/texmf-dist/fonts/type1/public/cm-super
/sfrm1000.pfb><c:/texlive/2021/texmf-dist/fonts/type1/public/cm-super/sfrm1440.
pfb>
Output written on LMHC.pdf (27 pages, 239544 bytes).
PDF statistics:
 168 PDF objects out of 1000 (max. 8388607)
 107 compressed objects within 2 object streams
 0 named destinations out of 1000 (max. 500000)
 1 words of extra memory for PDF output out of 10000 (max. 10000000)

